<?xml version="1.0" encoding="UTF-8"?>
<!-- Generated by org.testng.reporters.JUnitReportReporter -->
<testsuite hostname="Narendra" failures="0" tests="5" name="test_NG.TerstNG_Priority" time="0.010" errors="0" timestamp="2025-10-25T16:45:02 IST" skipped="0">
  <testcase classname="test_NG.TerstNG_Priority" name="testcase1" time="0.001"/>
  <testcase classname="test_NG.TerstNG_Priority" name="testcase2" time="0.002"/>
  <testcase classname="test_NG.TerstNG_Priority" name="testcase5" time="0.002"/>
  <testcase classname="test_NG.TerstNG_Priority" name="testcase4" time="0.003"/>
  <testcase classname="test_NG.TerstNG_Priority" name="testcase3" time="0.002"/>
</testsuite> <!-- test_NG.TerstNG_Priority -->
