<?xml version="1.0" encoding="UTF-8"?>
<!-- Generated by org.testng.reporters.JUnitReportReporter -->
<testsuite hostname="Narendra" failures="0" tests="4" name="test_NG.TestNG_SkipTestCase" time="0.009" errors="0" timestamp="2025-10-25T16:45:02 IST" skipped="1">
  <testcase classname="test_NG.TestNG_SkipTestCase" name="testcase1" time="0.002"/>
  <testcase classname="test_NG.TestNG_SkipTestCase" name="testcase5" time="0.003"/>
  <testcase classname="test_NG.TestNG_SkipTestCase" name="testcase4" time="0.004"/>
  <testcase classname="test_NG.TestNG_SkipTestCase" name="testcase3">
    <skipped/>
  </testcase> <!-- testcase3 -->
</testsuite> <!-- test_NG.TestNG_SkipTestCase -->
