<?xml version="1.0" encoding="UTF-8"?>
<!-- Generated by org.testng.reporters.JUnitReportReporter -->
<testsuite hostname="Narendra" failures="0" tests="5" name="test_NG.Test_Groups" time="0.029" errors="0" timestamp="2025-10-25T17:07:01 IST" skipped="0">
  <testcase classname="test_NG.Test_Groups" name="test5" time="0.003"/>
  <testcase classname="test_NG.Test_Groups" name="test1" time="0.016"/>
  <testcase classname="test_NG.Test_Groups" name="test4" time="0.003"/>
  <testcase classname="test_NG.Test_Groups" name="test2" time="0.004"/>
  <testcase classname="test_NG.Test_Groups" name="test3" time="0.003"/>
</testsuite> <!-- test_NG.Test_Groups -->
