<?xml version="1.0" encoding="UTF-8"?>
<testng-results ignored="0" total="1" passed="1" failed="0" skipped="0">
  <reporter-output>
  </reporter-output>
  <suite started-at="2025-12-06T11:52:29 IST" name="Suite" finished-at="2025-12-06T11:53:51 IST" duration-ms="82121">
    <groups>
    </groups>
    <test started-at="2025-12-06T11:52:29 IST" name="Test" finished-at="2025-12-06T11:53:51 IST" duration-ms="82121">
      <class name="testcases.AmazonEndEndTesting">
        <test-method is-config="true" signature="setUp()[pri:0, instance:testcases.AmazonEndEndTesting@618b19ad]" started-at="2025-12-06T11:52:29 IST" name="setUp" finished-at="2025-12-06T11:52:31 IST" duration-ms="2783" status="PASS">
          <reporter-output>
          </reporter-output>
        </test-method> <!-- setUp -->
        <test-method signature="AmazonEndToEnd()[pri:0, instance:testcases.AmazonEndEndTesting@618b19ad]" started-at="2025-12-06T11:52:31 IST" name="AmazonEndToEnd" finished-at="2025-12-06T11:53:50 IST" duration-ms="78058" status="PASS">
          <reporter-output>
          </reporter-output>
        </test-method> <!-- AmazonEndToEnd -->
        <test-method is-config="true" signature="tearDown()[pri:0, instance:testcases.AmazonEndEndTesting@618b19ad]" started-at="2025-12-06T11:53:50 IST" name="tearDown" finished-at="2025-12-06T11:53:51 IST" duration-ms="1219" status="PASS">
          <reporter-output>
          </reporter-output>
        </test-method> <!-- tearDown -->
      </class> <!-- testcases.AmazonEndEndTesting -->
    </test> <!-- Test -->
  </suite> <!-- Suite -->
</testng-results>
